T0DA8 12828:359 SEGGER J-Link V4.80f Log File (0015ms, 1144ms total)
T0DA8 12828:359 DLL Compiled: Feb  5 2014 10:36:54 (0015ms, 1144ms total)
T0DA8 12828:359 Logging started @ 2014-08-27 23:40 (0015ms, 1144ms total)
T0DA8 12828:374 JLINK_ExecCommand("Device = ATSAMG53N19", ...)Device "ATSAMG53N19" selected (256 KB flash, 64 KB RAM).  returns 0x00 (0001ms, 1145ms total)
T0DA8 12828:375 JLINK_TIF_Select(JLINKARM_TIF_JTAG)  returns 0x00 (0003ms, 1148ms total)
T0DA8 12828:378 JLINK_GetIdData(...) >0x2F8 JTAG>TotalIRLen = 8, IRPrint = 0x0011 >0x30 JTAG> >0x210 JTAG> >0x70 JTAG> >0x40 JTAG> >0x40 JTAG> >0x40 JTAG> >0x50 JTAG> >0x80 JTAG> >0x40 JTAG> >0x30 JTAG> >0x40 JTAG> >0x40 JTAG> >0x30 JTAG> >0x40 JTAG> >0x50 JTAG>Found Cortex-M4 r0p1, Little endian. -- CPU_WriteMem(4 bytes @ 0xE0002000) -- CPU_ReadMem(4 bytes @ 0xE000EDF0) -- CPU_ReadMem(4 bytes @ 0xE0002000)FPUnit: 6 code (BP) slots and 2 literal slots -- CPU_ReadMem(4 bytes @ 0xE000EDFC)
 -- CPU_ReadMem(4 bytes @ 0xE0001000) -- CPU_WriteMem(4 bytes @ 0xE0001000) -- CPU_ReadMem(4 bytes @ 0xE00FF010)TPIU fitted. -- CPU_ReadMem(4 bytes @ 0xE00FF014) -- CPU_ReadMem(4 bytes @ 0xE00FF018) ScanLen=8 NumDevices=2 aId[0]=0x4BA00477 aIrRead[0]=0 aScanLen[0]=0 aScanRead[0]=0 (0030ms, 1178ms total)
T0DA8 12828:408 JLINK_JTAG_GetDeviceInfo(DeviceIndex = 0)  returns 0x00 (0000ms, 1178ms total)
T0DA8 12828:408 JLINK_JTAG_GetDeviceInfo(DeviceIndex = 1)  returns 0x00 (0000ms, 1178ms total)
T0DA8 12828:408 JLINK_ConfigJTAG(IRPre = 4, DRPre = 0) (0000ms, 1178ms total)
T0DA8 12828:408 JLINK_SetSpeed(1000) (0001ms, 1179ms total)
T0DA8 12828:409 JLINK_Connect() >0x2F8 JTAG>TotalIRLen = 8, IRPrint = 0x0011 >0x30 JTAG> >0x210 JTAG> >0x70 JTAG> >0x40 JTAG> >0x40 JTAG> >0x40 JTAG> >0x50 JTAG> >0x70 JTAG> >0x40 JTAG> >0x40 JTAG> >0x40 JTAG> >0x50 JTAG> >0x80 JTAG> >0x40 JTAG> >0x30 JTAG> >0x40 JTAG> >0x40 JTAG> >0x30 JTAG> >0x40 JTAG> >0x50 JTAG>Found Cortex-M4 r0p1, Little endian. -- CPU_WriteMem(4 bytes @ 0xE0002000) -- CPU_ReadMem(4 bytes @ 0xE000EDF0) -- CPU_ReadMem(4 bytes @ 0xE0002000)
FPUnit: 6 code (BP) slots and 2 literal slots -- CPU_ReadMem(4 bytes @ 0xE000EDFC) -- CPU_ReadMem(4 bytes @ 0xE0001000) -- CPU_WriteMem(4 bytes @ 0xE0001000) -- CPU_ReadMem(4 bytes @ 0xE00FF010)TPIU fitted. -- CPU_ReadMem(4 bytes @ 0xE00FF014) -- CPU_ReadMem(4 bytes @ 0xE00FF018)  returns 0x00 (0030ms, 1209ms total)
T0DA8 12828:439 JLINK_GetDebugInfo(0x100) -- Value=0xE00FF003  returns 0x00 (0001ms, 1210ms total)
T0DA8 12828:440 JLINK_ReadMemU8(0xE00FFFF0, 0x0001 Items, ...) -- CPU is running -- CPU_ReadMem(1 bytes @ 0xE00FFFF0) -- Data:  0D  returns 0x01 (0002ms, 1212ms total)
T0DA8 12828:442 JLINK_ReadMemU8(0xE00FFFF4, 0x0001 Items, ...) -- CPU is running -- CPU_ReadMem(1 bytes @ 0xE00FFFF4) -- Data:  10  returns 0x01 (0001ms, 1213ms total)
T0DA8 12828:443 JLINK_ReadMemU8(0xE00FFFF8, 0x0001 Items, ...) -- CPU is running -- CPU_ReadMem(1 bytes @ 0xE00FFFF8) -- Data:  05  returns 0x01 (0002ms, 1215ms total)
T0DA8 12828:445 JLINK_ReadMemU8(0xE00FFFFC, 0x0001 Items, ...) -- CPU is running -- CPU_ReadMem(1 bytes @ 0xE00FFFFC) -- Data:  B1  returns 0x01 (0001ms, 1216ms total)
T0DA8 12828:446 JLINK_ReadMemU8(0xE00FFFD0, 0x0001 Items, ...) -- CPU is running -- CPU_ReadMem(1 bytes @ 0xE00FFFD0) -- Data:  04  returns 0x01 (0001ms, 1217ms total)
T0DA8 12828:447 JLINK_ReadMemU8(0xE00FFFD4, 0x0001 Items, ...) -- CPU is running -- CPU_ReadMem(1 bytes @ 0xE00FFFD4) -- Data:  00  returns 0x01 (0001ms, 1218ms total)
T0DA8 12828:448 JLINK_ReadMemU8(0xE00FFFD8, 0x0001 Items, ...) -- CPU is running -- CPU_ReadMem(1 bytes @ 0xE00FFFD8) -- Data:  00  returns 0x01 (0002ms, 1220ms total)
T0DA8 12828:450 JLINK_ReadMemU8(0xE00FFFDC, 0x0001 Items, ...) -- CPU is running -- CPU_ReadMem(1 bytes @ 0xE00FFFDC) -- Data:  00  returns 0x01 (0001ms, 1221ms total)
T0DA8 12828:451 JLINK_ReadMemU8(0xE00FFFE0, 0x0001 Items, ...) -- CPU is running -- CPU_ReadMem(1 bytes @ 0xE00FFFE0) -- Data:  C4  returns 0x01 (0001ms, 1222ms total)
T0DA8 12828:452 JLINK_ReadMemU8(0xE00FFFE4, 0x0001 Items, ...) -- CPU is running -- CPU_ReadMem(1 bytes @ 0xE00FFFE4) -- Data:  B4  returns 0x01 (0004ms, 1226ms total)
T0DA8 12828:456 JLINK_ReadMemU8(0xE00FFFE8, 0x0001 Items, ...) -- CPU is running -- CPU_ReadMem(1 bytes @ 0xE00FFFE8) -- Data:  0B  returns 0x01 (0001ms, 1227ms total)
T0DA8 12828:457 JLINK_ReadMemU8(0xE00FFFEC, 0x0001 Items, ...) -- CPU is running -- CPU_ReadMem(1 bytes @ 0xE00FFFEC) -- Data:  00  returns 0x01 (0002ms, 1229ms total)
T0DA8 12828:459 JLINK_ReadMemU32(0xE00FF000, 0x0001 Items, ...) -- CPU is running -- CPU_ReadMem(4 bytes @ 0xE00FF000) -- Data:  03 F0 F0 FF  returns 0x01 (0001ms, 1230ms total)
T0DA8 12828:460 JLINK_ReadMemU8(0xE000EFF0, 0x0001 Items, ...) -- CPU is running -- CPU_ReadMem(1 bytes @ 0xE000EFF0) -- Data:  0D  returns 0x01 (0001ms, 1231ms total)
T0DA8 12828:461 JLINK_ReadMemU8(0xE000EFF4, 0x0001 Items, ...) -- CPU is running -- CPU_ReadMem(1 bytes @ 0xE000EFF4) -- Data:  E0  returns 0x01 (0001ms, 1232ms total)
T0DA8 12828:462 JLINK_ReadMemU8(0xE000EFF8, 0x0001 Items, ...) -- CPU is running -- CPU_ReadMem(1 bytes @ 0xE000EFF8) -- Data:  05  returns 0x01 (0002ms, 1234ms total)
T0DA8 12828:464 JLINK_ReadMemU8(0xE000EFFC, 0x0001 Items, ...) -- CPU is running -- CPU_ReadMem(1 bytes @ 0xE000EFFC) -- Data:  B1  returns 0x01 (0001ms, 1235ms total)
T0DA8 12828:465 JLINK_ReadMemU8(0xE000EFD0, 0x0001 Items, ...) -- CPU is running -- CPU_ReadMem(1 bytes @ 0xE000EFD0) -- Data:  04  returns 0x01 (0001ms, 1236ms total)
T0DA8 12828:466 JLINK_ReadMemU8(0xE000EFD4, 0x0001 Items, ...) -- CPU is running -- CPU_ReadMem(1 bytes @ 0xE000EFD4) -- Data:  00  returns 0x01 (0002ms, 1238ms total)
T0DA8 12828:468 JLINK_ReadMemU8(0xE000EFD8, 0x0001 Items, ...) -- CPU is running -- CPU_ReadMem(1 bytes @ 0xE000EFD8) -- Data:  00  returns 0x01 (0001ms, 1239ms total)
T0DA8 12828:469 JLINK_ReadMemU8(0xE000EFDC, 0x0001 Items, ...) -- CPU is running -- CPU_ReadMem(1 bytes @ 0xE000EFDC) -- Data:  00  returns 0x01 (0001ms, 1240ms total)
T0DA8 12828:470 JLINK_ReadMemU8(0xE000EFE0, 0x0001 Items, ...) -- CPU is running -- CPU_ReadMem(1 bytes @ 0xE000EFE0) -- Data:  0C  returns 0x01 (0001ms, 1241ms total)
T0DA8 12828:471 JLINK_ReadMemU8(0xE000EFE4, 0x0001 Items, ...) -- CPU is running -- CPU_ReadMem(1 bytes @ 0xE000EFE4) -- Data:  B0  returns 0x01 (0002ms, 1243ms total)
T0DA8 12828:473 JLINK_ReadMemU8(0xE000EFE8, 0x0001 Items, ...) -- CPU is running -- CPU_ReadMem(1 bytes @ 0xE000EFE8) -- Data:  0B  returns 0x01 (0001ms, 1244ms total)
T0DA8 12828:474 JLINK_ReadMemU8(0xE000EFEC, 0x0001 Items, ...) -- CPU is running -- CPU_ReadMem(1 bytes @ 0xE000EFEC) -- Data:  00  returns 0x01 (0001ms, 1245ms total)
T0DA8 12828:475 JLINK_ReadMemU32(0xE00FF004, 0x0001 Items, ...) -- CPU is running -- CPU_ReadMem(4 bytes @ 0xE00FF004) -- Data:  03 20 F0 FF  returns 0x01 (0001ms, 1246ms total)
T0DA8 12828:476 JLINK_ReadMemU8(0xE0001FF0, 0x0001 Items, ...) -- CPU is running -- CPU_ReadMem(1 bytes @ 0xE0001FF0) -- Data:  0D  returns 0x01 (0002ms, 1248ms total)
T0DA8 12828:478 JLINK_ReadMemU8(0xE0001FF4, 0x0001 Items, ...) -- CPU is running -- CPU_ReadMem(1 bytes @ 0xE0001FF4) -- Data:  E0  returns 0x01 (0001ms, 1249ms total)
T0DA8 12828:479 JLINK_ReadMemU8(0xE0001FF8, 0x0001 Items, ...) -- CPU is running -- CPU_ReadMem(1 bytes @ 0xE0001FF8) -- Data:  05  returns 0x01 (0001ms, 1250ms total)
T0DA8 12828:480 JLINK_ReadMemU8(0xE0001FFC, 0x0001 Items, ...) -- CPU is running -- CPU_ReadMem(1 bytes @ 0xE0001FFC) -- Data:  B1  returns 0x01 (0001ms, 1251ms total)
T0DA8 12828:481 JLINK_ReadMemU8(0xE0001FD0, 0x0001 Items, ...) -- CPU is running -- CPU_ReadMem(1 bytes @ 0xE0001FD0) -- Data:  04  returns 0x01 (0002ms, 1253ms total)
T0DA8 12828:483 JLINK_ReadMemU8(0xE0001FD4, 0x0001 Items, ...) -- CPU is running -- CPU_ReadMem(1 bytes @ 0xE0001FD4) -- Data:  00  returns 0x01 (0001ms, 1254ms total)
T0DA8 12828:484 JLINK_ReadMemU8(0xE0001FD8, 0x0001 Items, ...) -- CPU is running -- CPU_ReadMem(1 bytes @ 0xE0001FD8) -- Data:  00  returns 0x01 (0001ms, 1255ms total)
T0DA8 12828:485 JLINK_ReadMemU8(0xE0001FDC, 0x0001 Items, ...) -- CPU is running -- CPU_ReadMem(1 bytes @ 0xE0001FDC) -- Data:  00  returns 0x01 (0001ms, 1256ms total)
T0DA8 12828:486 JLINK_ReadMemU8(0xE0001FE0, 0x0001 Items, ...) -- CPU is running -- CPU_ReadMem(1 bytes @ 0xE0001FE0) -- Data:  02  returns 0x01 (0002ms, 1258ms total)
T0DA8 12828:488 JLINK_ReadMemU8(0xE0001FE4, 0x0001 Items, ...) -- CPU is running -- CPU_ReadMem(1 bytes @ 0xE0001FE4) -- Data:  B0  returns 0x01 (0001ms, 1259ms total)
T0DA8 12828:489 JLINK_ReadMemU8(0xE0001FE8, 0x0001 Items, ...) -- CPU is running -- CPU_ReadMem(1 bytes @ 0xE0001FE8) -- Data:  3B  returns 0x01 (0001ms, 1260ms total)
T0DA8 12828:490 JLINK_ReadMemU8(0xE0001FEC, 0x0001 Items, ...) -- CPU is running -- CPU_ReadMem(1 bytes @ 0xE0001FEC) -- Data:  00  returns 0x01 (0002ms, 1262ms total)
T0DA8 12828:492 JLINK_ReadMemU32(0xE00FF008, 0x0001 Items, ...) -- CPU is running -- CPU_ReadMem(4 bytes @ 0xE00FF008) -- Data:  03 30 F0 FF  returns 0x01 (0001ms, 1263ms total)
T0DA8 12828:493 JLINK_ReadMemU8(0xE0002FF0, 0x0001 Items, ...) -- CPU is running -- CPU_ReadMem(1 bytes @ 0xE0002FF0) -- Data:  0D  returns 0x01 (0001ms, 1264ms total)
T0DA8 12828:494 JLINK_ReadMemU8(0xE0002FF4, 0x0001 Items, ...) -- CPU is running -- CPU_ReadMem(1 bytes @ 0xE0002FF4) -- Data:  E0  returns 0x01 (0002ms, 1266ms total)
T0DA8 12828:496 JLINK_ReadMemU8(0xE0002FF8, 0x0001 Items, ...) -- CPU is running -- CPU_ReadMem(1 bytes @ 0xE0002FF8) -- Data:  05  returns 0x01 (0001ms, 1267ms total)
T0DA8 12828:497 JLINK_ReadMemU8(0xE0002FFC, 0x0001 Items, ...) -- CPU is running -- CPU_ReadMem(1 bytes @ 0xE0002FFC) -- Data:  B1  returns 0x01 (0001ms, 1268ms total)
T0DA8 12828:498 JLINK_ReadMemU8(0xE0002FD0, 0x0001 Items, ...) -- CPU is running -- CPU_ReadMem(1 bytes @ 0xE0002FD0) -- Data:  04  returns 0x01 (0001ms, 1269ms total)
T0DA8 12828:499 JLINK_ReadMemU8(0xE0002FD4, 0x0001 Items, ...) -- CPU is running -- CPU_ReadMem(1 bytes @ 0xE0002FD4) -- Data:  00  returns 0x01 (0002ms, 1271ms total)
T0DA8 12828:501 JLINK_ReadMemU8(0xE0002FD8, 0x0001 Items, ...) -- CPU is running -- CPU_ReadMem(1 bytes @ 0xE0002FD8) -- Data:  00  returns 0x01 (0001ms, 1272ms total)
T0DA8 12828:502 JLINK_ReadMemU8(0xE0002FDC, 0x0001 Items, ...) -- CPU is running -- CPU_ReadMem(1 bytes @ 0xE0002FDC) -- Data:  00  returns 0x01 (0001ms, 1273ms total)
T0DA8 12828:503 JLINK_ReadMemU8(0xE0002FE0, 0x0001 Items, ...) -- CPU is running -- CPU_ReadMem(1 bytes @ 0xE0002FE0) -- Data:  03  returns 0x01 (0001ms, 1274ms total)
T0DA8 12828:504 JLINK_ReadMemU8(0xE0002FE4, 0x0001 Items, ...) -- CPU is running -- CPU_ReadMem(1 bytes @ 0xE0002FE4) -- Data:  B0  returns 0x01 (0002ms, 1276ms total)
T0DA8 12828:506 JLINK_ReadMemU8(0xE0002FE8, 0x0001 Items, ...) -- CPU is running -- CPU_ReadMem(1 bytes @ 0xE0002FE8) -- Data:  2B  returns 0x01 (0001ms, 1277ms total)
T0DA8 12828:507 JLINK_ReadMemU8(0xE0002FEC, 0x0001 Items, ...) -- CPU is running -- CPU_ReadMem(1 bytes @ 0xE0002FEC) -- Data:  00  returns 0x01 (0001ms, 1278ms total)
T0DA8 12828:508 JLINK_ReadMemU32(0xE00FF00C, 0x0001 Items, ...) -- CPU is running -- CPU_ReadMem(4 bytes @ 0xE00FF00C) -- Data:  03 10 F0 FF  returns 0x01 (0001ms, 1279ms total)
T0DA8 12828:509 JLINK_ReadMemU8(0xE0000FF0, 0x0001 Items, ...) -- CPU is running -- CPU_ReadMem(1 bytes @ 0xE0000FF0) -- Data:  0D  returns 0x01 (0002ms, 1281ms total)
T0DA8 12828:511 JLINK_ReadMemU8(0xE0000FF4, 0x0001 Items, ...) -- CPU is running -- CPU_ReadMem(1 bytes @ 0xE0000FF4) -- Data:  E0  returns 0x01 (0001ms, 1282ms total)
T0DA8 12828:512 JLINK_ReadMemU8(0xE0000FF8, 0x0001 Items, ...) -- CPU is running -- CPU_ReadMem(1 bytes @ 0xE0000FF8) -- Data:  05  returns 0x01 (0001ms, 1283ms total)
T0DA8 12828:513 JLINK_ReadMemU8(0xE0000FFC, 0x0001 Items, ...) -- CPU is running -- CPU_ReadMem(1 bytes @ 0xE0000FFC) -- Data:  B1  returns 0x01 (0002ms, 1285ms total)
T0DA8 12828:515 JLINK_ReadMemU8(0xE0000FD0, 0x0001 Items, ...) -- CPU is running -- CPU_ReadMem(1 bytes @ 0xE0000FD0) -- Data:  04  returns 0x01 (0001ms, 1286ms total)
T0DA8 12828:516 JLINK_ReadMemU8(0xE0000FD4, 0x0001 Items, ...) -- CPU is running -- CPU_ReadMem(1 bytes @ 0xE0000FD4) -- Data:  00  returns 0x01 (0001ms, 1287ms total)
T0DA8 12828:517 JLINK_ReadMemU8(0xE0000FD8, 0x0001 Items, ...) -- CPU is running -- CPU_ReadMem(1 bytes @ 0xE0000FD8) -- Data:  00  returns 0x01 (0002ms, 1289ms total)
T0DA8 12828:519 JLINK_ReadMemU8(0xE0000FDC, 0x0001 Items, ...) -- CPU is running -- CPU_ReadMem(1 bytes @ 0xE0000FDC) -- Data:  00  returns 0x01 (0001ms, 1290ms total)
T0DA8 12828:520 JLINK_ReadMemU8(0xE0000FE0, 0x0001 Items, ...) -- CPU is running -- CPU_ReadMem(1 bytes @ 0xE0000FE0) -- Data:  01  returns 0x01 (0001ms, 1291ms total)
T0DA8 12828:521 JLINK_ReadMemU8(0xE0000FE4, 0x0001 Items, ...) -- CPU is running -- CPU_ReadMem(1 bytes @ 0xE0000FE4) -- Data:  B0  returns 0x01 (0002ms, 1293ms total)
T0DA8 12828:523 JLINK_ReadMemU8(0xE0000FE8, 0x0001 Items, ...) -- CPU is running -- CPU_ReadMem(1 bytes @ 0xE0000FE8) -- Data:  3B  returns 0x01 (0001ms, 1294ms total)
T0DA8 12828:524 JLINK_ReadMemU8(0xE0000FEC, 0x0001 Items, ...) -- CPU is running -- CPU_ReadMem(1 bytes @ 0xE0000FEC) -- Data:  00  returns 0x01 (0001ms, 1295ms total)
T0DA8 12828:525 JLINK_ReadMemU32(0xE00FF010, 0x0001 Items, ...) -- CPU is running -- CPU_ReadMem(4 bytes @ 0xE00FF010) -- Data:  03 10 F4 FF  returns 0x01 (0001ms, 1296ms total)
T0DA8 12828:526 JLINK_ReadMemU8(0xE0040FF0, 0x0001 Items, ...) -- CPU is running -- CPU_ReadMem(1 bytes @ 0xE0040FF0) -- Data:  0D  returns 0x01 (0002ms, 1298ms total)
T0DA8 12828:528 JLINK_ReadMemU8(0xE0040FF4, 0x0001 Items, ...) -- CPU is running -- CPU_ReadMem(1 bytes @ 0xE0040FF4) -- Data:  90  returns 0x01 (0001ms, 1299ms total)
T0DA8 12828:529 JLINK_ReadMemU8(0xE0040FF8, 0x0001 Items, ...) -- CPU is running -- CPU_ReadMem(1 bytes @ 0xE0040FF8) -- Data:  05  returns 0x01 (0001ms, 1300ms total)
T0DA8 12828:530 JLINK_ReadMemU8(0xE0040FFC, 0x0001 Items, ...) -- CPU is running -- CPU_ReadMem(1 bytes @ 0xE0040FFC) -- Data:  B1  returns 0x01 (0002ms, 1302ms total)
T0DA8 12828:532 JLINK_ReadMemU8(0xE0040FD0, 0x0001 Items, ...) -- CPU is running -- CPU_ReadMem(1 bytes @ 0xE0040FD0) -- Data:  04  returns 0x01 (0001ms, 1303ms total)
T0DA8 12828:533 JLINK_ReadMemU8(0xE0040FD4, 0x0001 Items, ...) -- CPU is running -- CPU_ReadMem(1 bytes @ 0xE0040FD4) -- Data:  00  returns 0x01 (0001ms, 1304ms total)
T0DA8 12828:534 JLINK_ReadMemU8(0xE0040FD8, 0x0001 Items, ...) -- CPU is running -- CPU_ReadMem(1 bytes @ 0xE0040FD8) -- Data:  00  returns 0x01 (0001ms, 1305ms total)
T0DA8 12828:535 JLINK_ReadMemU8(0xE0040FDC, 0x0001 Items, ...) -- CPU is running -- CPU_ReadMem(1 bytes @ 0xE0040FDC) -- Data:  00  returns 0x01 (0002ms, 1307ms total)
T0DA8 12828:537 JLINK_ReadMemU8(0xE0040FE0, 0x0001 Items, ...) -- CPU is running -- CPU_ReadMem(1 bytes @ 0xE0040FE0) -- Data:  A1  returns 0x01 (0001ms, 1308ms total)
T0DA8 12828:538 JLINK_ReadMemU8(0xE0040FE4, 0x0001 Items, ...) -- CPU is running -- CPU_ReadMem(1 bytes @ 0xE0040FE4) -- Data:  B9  returns 0x01 (0001ms, 1309ms total)
T0DA8 12828:539 JLINK_ReadMemU8(0xE0040FE8, 0x0001 Items, ...) -- CPU is running -- CPU_ReadMem(1 bytes @ 0xE0040FE8) -- Data:  0B  returns 0x01 (0002ms, 1311ms total)
T0DA8 12828:541 JLINK_ReadMemU8(0xE0040FEC, 0x0001 Items, ...) -- CPU is running -- CPU_ReadMem(1 bytes @ 0xE0040FEC) -- Data:  00  returns 0x01 (0001ms, 1312ms total)
T0DA8 12828:542 JLINK_ReadMemU32(0xE00FF014, 0x0001 Items, ...) -- CPU is running -- CPU_ReadMem(4 bytes @ 0xE00FF014) -- Data:  02 20 F4 FF  returns 0x01 (0001ms, 1313ms total)
T0DA8 12828:543 JLINK_ReadMemU32(0xE00FF018, 0x0001 Items, ...) -- CPU is running -- CPU_ReadMem(4 bytes @ 0xE00FF018) -- Data:  00 00 00 00  returns 0x01 (0001ms, 1314ms total)
T0DA8 12828:544 JLINK_ReadMem (0xE0001000, 0x0004 Bytes, ...) -- CPU is running -- CPU_ReadMem(4 bytes @ 0xE0001000) -- Data:  01 00 00 40  returns 0x00 (0002ms, 1316ms total)
T0DA8 12828:546 JLINK_ReadMem (0xE0001000, 0x0004 Bytes, ...) -- CPU is running -- CPU_ReadMem(4 bytes @ 0xE0001000) -- Data:  01 00 00 40  returns 0x00 (0001ms, 1317ms total)
T0DA8 12828:547 JLINK_ReadMem (0xE0001028, 0x0004 Bytes, ...) -- CPU is running -- CPU_ReadMem(4 bytes @ 0xE0001028) -- Data:  00 00 00 00  returns 0x00 (0001ms, 1318ms total)
T0DA8 12828:548 JLINK_WriteMem(0xE0001028, 0x0004 Bytes, ...) -- Data:  00 01 00 00 -- CPU is running -- CPU_WriteMem(4 bytes @ 0xE0001028)  returns 0x04 (0001ms, 1319ms total)
T0DA8 12828:549 JLINK_ReadMem (0xE0001028, 0x0004 Bytes, ...) -- CPU is running -- CPU_ReadMem(4 bytes @ 0xE0001028) -- Data:  00 00 00 00  returns 0x00 (0002ms, 1321ms total)
T0DA8 12828:551 JLINK_ReadMem (0xE0001038, 0x0004 Bytes, ...) -- CPU is running -- CPU_ReadMem(4 bytes @ 0xE0001038) -- Data:  00 02 00 00  returns 0x00 (0001ms, 1322ms total)
T0DA8 12828:552 JLINK_WriteMem(0xE0001038, 0x0004 Bytes, ...) -- Data:  00 03 00 00 -- CPU is running -- CPU_WriteMem(4 bytes @ 0xE0001038)  returns 0x04 (0001ms, 1323ms total)
T0DA8 12828:553 JLINK_ReadMem (0xE0001038, 0x0004 Bytes, ...) -- CPU is running -- CPU_ReadMem(4 bytes @ 0xE0001038) -- Data:  00 03 00 00  returns 0x00 (0001ms, 1324ms total)
T0DA8 12828:554 JLINK_ReadMem (0xE0001048, 0x0004 Bytes, ...) -- CPU is running -- CPU_ReadMem(4 bytes @ 0xE0001048) -- Data:  00 00 00 00  returns 0x00 (0002ms, 1326ms total)
T0DA8 12828:556 JLINK_WriteMem(0xE0001048, 0x0004 Bytes, ...) -- Data:  00 01 00 00 -- CPU is running -- CPU_WriteMem(4 bytes @ 0xE0001048)  returns 0x04 (0001ms, 1327ms total)
T0DA8 12828:557 JLINK_ReadMem (0xE0001048, 0x0004 Bytes, ...) -- CPU is running -- CPU_ReadMem(4 bytes @ 0xE0001048) -- Data:  00 00 00 00  returns 0x00 (0001ms, 1328ms total)
T0DA8 12828:558 JLINK_ReadMem (0xE0001058, 0x0004 Bytes, ...) -- CPU is running -- CPU_ReadMem(4 bytes @ 0xE0001058) -- Data:  00 00 00 00  returns 0x00 (0001ms, 1329ms total)
T0DA8 12828:559 JLINK_WriteMem(0xE0001058, 0x0004 Bytes, ...) -- Data:  00 01 00 00 -- CPU is running -- CPU_WriteMem(4 bytes @ 0xE0001058)  returns 0x04 (0001ms, 1330ms total)
T0DA8 12828:560 JLINK_ReadMem (0xE0001058, 0x0004 Bytes, ...) -- CPU is running -- CPU_ReadMem(4 bytes @ 0xE0001058) -- Data:  00 00 00 00  returns 0x00 (0001ms, 1331ms total)
T0DA8 12828:561 JLINK_ReadMem (0xE0001024, 0x0004 Bytes, ...) -- CPU is running -- CPU_ReadMem(4 bytes @ 0xE0001024) -- Data:  00 00 00 00  returns 0x00 (0002ms, 1333ms total)
T0DA8 12828:563 JLINK_WriteMem(0xE0001024, 0x0004 Bytes, ...) -- Data:  1F 00 00 00 -- CPU is running -- CPU_WriteMem(4 bytes @ 0xE0001024)  returns 0x04 (0001ms, 1334ms total)
T0DA8 12828:564 JLINK_ReadMem (0xE0001024, 0x0004 Bytes, ...) -- CPU is running -- CPU_ReadMem(4 bytes @ 0xE0001024) -- Data:  0F 00 00 00  returns 0x00 (0001ms, 1335ms total)
T0DA8 12828:565 JLINK_ReadMem (0xE0001034, 0x0004 Bytes, ...) -- CPU is running -- CPU_ReadMem(4 bytes @ 0xE0001034) -- Data:  00 00 00 00  returns 0x00 (0002ms, 1337ms total)
T0DA8 12828:567 JLINK_WriteMem(0xE0001034, 0x0004 Bytes, ...) -- Data:  1F 00 00 00 -- CPU is running -- CPU_WriteMem(4 bytes @ 0xE0001034)  returns 0x04 (0001ms, 1338ms total)
T0DA8 12828:568 JLINK_ReadMem (0xE0001034, 0x0004 Bytes, ...) -- CPU is running -- CPU_ReadMem(4 bytes @ 0xE0001034) -- Data:  0F 00 00 00  returns 0x00 (0001ms, 1339ms total)
T0DA8 12828:569 JLINK_ReadMem (0xE0001044, 0x0004 Bytes, ...) -- CPU is running -- CPU_ReadMem(4 bytes @ 0xE0001044) -- Data:  00 00 00 00  returns 0x00 (0001ms, 1340ms total)
T0DA8 12828:570 JLINK_WriteMem(0xE0001044, 0x0004 Bytes, ...) -- Data:  1F 00 00 00 -- CPU is running -- CPU_WriteMem(4 bytes @ 0xE0001044)  returns 0x04 (0001ms, 1341ms total)
T0DA8 12828:571 JLINK_ReadMem (0xE0001044, 0x0004 Bytes, ...) -- CPU is running -- CPU_ReadMem(4 bytes @ 0xE0001044) -- Data:  0F 00 00 00  returns 0x00 (0002ms, 1343ms total)
T0DA8 12828:573 JLINK_ReadMem (0xE0001054, 0x0004 Bytes, ...) -- CPU is running -- CPU_ReadMem(4 bytes @ 0xE0001054) -- Data:  00 00 00 00  returns 0x00 (0001ms, 1344ms total)
T0DA8 12828:574 JLINK_WriteMem(0xE0001054, 0x0004 Bytes, ...) -- Data:  1F 00 00 00 -- CPU is running -- CPU_WriteMem(4 bytes @ 0xE0001054)  returns 0x04 (0001ms, 1345ms total)
T0DA8 12828:575 JLINK_ReadMem (0xE0001054, 0x0004 Bytes, ...) -- CPU is running -- CPU_ReadMem(4 bytes @ 0xE0001054) -- Data:  0F 00 00 00  returns 0x00 (0001ms, 1346ms total)
T0DA8 12828:576 JLINK_ReadMem (0xE0001028, 0x0004 Bytes, ...) -- CPU is running -- CPU_ReadMem(4 bytes @ 0xE0001028) -- Data:  00 00 00 00  returns 0x00 (0002ms, 1348ms total)
T0DA8 12828:578 JLINK_ReadMem (0xE0001038, 0x0004 Bytes, ...) -- CPU is running -- CPU_ReadMem(4 bytes @ 0xE0001038) -- Data:  00 03 00 00  returns 0x00 (0001ms, 1349ms total)
T0DA8 12828:579 JLINK_ReadMem (0xE0001048, 0x0004 Bytes, ...) -- CPU is running -- CPU_ReadMem(4 bytes @ 0xE0001048) -- Data:  00 00 00 00  returns 0x00 (0002ms, 1351ms total)
T0DA8 12828:581 JLINK_ReadMem (0xE0001058, 0x0004 Bytes, ...) -- CPU is running -- CPU_ReadMem(4 bytes @ 0xE0001058) -- Data:  00 00 00 00  returns 0x00 (0001ms, 1352ms total)
T0DA8 12828:582 JLINK_WriteMem(0xE0001020, 0x0004 Bytes, ...) -- Data:  00 00 00 00 -- CPU is running -- CPU_WriteMem(4 bytes @ 0xE0001020)  returns 0x04 (0001ms, 1353ms total)
T0DA8 12828:583 JLINK_WriteMem(0xE0001024, 0x0004 Bytes, ...) -- Data:  00 00 00 00 -- CPU is running -- CPU_WriteMem(4 bytes @ 0xE0001024)  returns 0x04 (0001ms, 1354ms total)
T0DA8 12828:584 JLINK_WriteMem(0xE0001028, 0x0004 Bytes, ...) -- Data:  00 00 00 00 -- CPU is running -- CPU_WriteMem(4 bytes @ 0xE0001028)  returns 0x04 (0001ms, 1355ms total)
T0DA8 12828:585 JLINK_WriteMem(0xE0001030, 0x0004 Bytes, ...) -- Data:  00 00 00 00 -- CPU is running -- CPU_WriteMem(4 bytes @ 0xE0001030)  returns 0x04 (0001ms, 1356ms total)
T0DA8 12828:586 JLINK_WriteMem(0xE0001034, 0x0004 Bytes, ...) -- Data:  00 00 00 00 -- CPU is running -- CPU_WriteMem(4 bytes @ 0xE0001034)  returns 0x04 (0001ms, 1357ms total)
T0DA8 12828:587 JLINK_WriteMem(0xE0001038, 0x0004 Bytes, ...) -- Data:  00 00 00 00 -- CPU is running -- CPU_WriteMem(4 bytes @ 0xE0001038)  returns 0x04 (0002ms, 1359ms total)
T0DA8 12828:589 JLINK_WriteMem(0xE0001040, 0x0004 Bytes, ...) -- Data:  00 00 00 00 -- CPU is running -- CPU_WriteMem(4 bytes @ 0xE0001040)  returns 0x04 (0001ms, 1360ms total)
T0DA8 12828:590 JLINK_WriteMem(0xE0001044, 0x0004 Bytes, ...) -- Data:  00 00 00 00 -- CPU is running -- CPU_WriteMem(4 bytes @ 0xE0001044)  returns 0x04 (0001ms, 1361ms total)
T0DA8 12828:591 JLINK_WriteMem(0xE0001048, 0x0004 Bytes, ...) -- Data:  00 00 00 00 -- CPU is running -- CPU_WriteMem(4 bytes @ 0xE0001048)  returns 0x04 (0001ms, 1362ms total)
T0DA8 12828:592 JLINK_WriteMem(0xE0001050, 0x0004 Bytes, ...) -- Data:  00 00 00 00 -- CPU is running -- CPU_WriteMem(4 bytes @ 0xE0001050)  returns 0x04 (0001ms, 1363ms total)
T0DA8 12828:593 JLINK_WriteMem(0xE0001054, 0x0004 Bytes, ...) -- Data:  00 00 00 00 -- CPU is running -- CPU_WriteMem(4 bytes @ 0xE0001054)  returns 0x04 (0001ms, 1364ms total)
T0DA8 12828:594 JLINK_WriteMem(0xE0001058, 0x0004 Bytes, ...) -- Data:  00 00 00 00 -- CPU is running -- CPU_WriteMem(4 bytes @ 0xE0001058)  returns 0x04 (0002ms, 1366ms total)
T0DA8 12828:597 JLINK_WriteVectorCatch(0x00000001) -- CPU is running -- CPU_ReadMem(4 bytes @ 0xE000EDFC) -- CPU is running -- CPU_WriteMem(4 bytes @ 0xE000EDFC)  returns 0x00 (0003ms, 1369ms total)
T0DA8 12828:600 JLINK_Reset() -- CPU_ReadMem(16 bytes @ 0x20000000) -- CPU_WriteMem(16 bytes @ 0x20000000) -- CPU_ReadMem(4 bytes @ 0xE000EDFC) -- CPU_WriteMem(4 bytes @ 0xE000EDFC) -- CPU_WriteMem(4 bytes @ 0xE000EDFC) -- CPU_WriteMem(16 bytes @ 0x20000000) -- CPU_WriteMem(4 bytes @ 0xE0002000) -- CPU_ReadMem(4 bytes @ 0xE000EDFC) -- CPU_ReadMem(4 bytes @ 0xE0001000) (0050ms, 1419ms total)
T0DA8 12828:650 JLINK_BeginDownload(Flags = 0x00) (0001ms, 1420ms total)
T0DA8 12828:651 JLINK_JTAG_GetDeviceID(DeviceIndex = 0)  returns 0x4BA00477 (0000ms, 1420ms total)
T0DA8 12828:651 JLINK_ReadMemU32(0x400E0740, 0x0001 Items, ...) -- CPU_ReadMem(4 bytes @ 0x400E0740) -- Data:  E8 0A 7E 24  returns 0x01 (0001ms, 1421ms total)
T0DA8 12828:652 JLINK_WriteMem(0x400E0A04, 0x0004 Bytes, ...) -- Data:  09 00 00 5A -- CPU_WriteMem(4 bytes @ 0x400E0A04)  returns 0x04 (0002ms, 1423ms total)
T0DA8 12828:654 JLINK_ReadMem (0x400E0A08, 0x0004 Bytes, ...) -- CPU_ReadMem(4 bytes @ 0x400E0A08) -- Data:  01 00 00 00  returns 0x00 (0001ms, 1424ms total)
T0DA8 12828:655 JLINK_WriteMem(0x400E0A04, 0x0004 Bytes, ...) -- Data:  09 10 00 5A -- CPU_WriteMem(4 bytes @ 0x400E0A04)  returns 0x04 (0001ms, 1425ms total)
T0DA8 12828:656 JLINK_ReadMem (0x400E0A08, 0x0004 Bytes, ...) -- CPU_ReadMem(4 bytes @ 0x400E0A08) -- Data:  01 00 00 00  returns 0x00 (0002ms, 1427ms total)
T0DA8 12828:658 JLINK_WriteMem(0x400E0A04, 0x0004 Bytes, ...) -- Data:  09 20 00 5A -- CPU_WriteMem(4 bytes @ 0x400E0A04)  returns 0x04 (0001ms, 1428ms total)
T0DA8 12828:659 JLINK_ReadMem (0x400E0A08, 0x0004 Bytes, ...) -- CPU_ReadMem(4 bytes @ 0x400E0A08) -- Data:  01 00 00 00  returns 0x00 (0001ms, 1429ms total)
T0DA8 12828:660 JLINK_WriteMem(0x400E0A04, 0x0004 Bytes, ...) -- Data:  09 30 00 5A -- CPU_WriteMem(4 bytes @ 0x400E0A04)  returns 0x04 (0001ms, 1430ms total)
T0DA8 12828:661 JLINK_ReadMem (0x400E0A08, 0x0004 Bytes, ...) -- CPU_ReadMem(4 bytes @ 0x400E0A08) -- Data:  01 00 00 00  returns 0x00 (0002ms, 1432ms total)
T0DA8 12828:663 JLINK_WriteMem(0x400E0A04, 0x0004 Bytes, ...) -- Data:  09 40 00 5A -- CPU_WriteMem(4 bytes @ 0x400E0A04)  returns 0x04 (0001ms, 1433ms total)
T0DA8 12828:664 JLINK_ReadMem (0x400E0A08, 0x0004 Bytes, ...) -- CPU_ReadMem(4 bytes @ 0x400E0A08) -- Data:  01 00 00 00  returns 0x00 (0001ms, 1434ms total)
T0DA8 12828:665 JLINK_WriteMem(0x400E0A04, 0x0004 Bytes, ...) -- Data:  09 50 00 5A -- CPU_WriteMem(4 bytes @ 0x400E0A04)  returns 0x04 (0001ms, 1435ms total)
T0DA8 12828:666 JLINK_ReadMem (0x400E0A08, 0x0004 Bytes, ...) -- CPU_ReadMem(4 bytes @ 0x400E0A08) -- Data:  01 00 00 00  returns 0x00 (0002ms, 1437ms total)
T0DA8 12828:668 JLINK_WriteMem(0x400E0A04, 0x0004 Bytes, ...) -- Data:  09 60 00 5A -- CPU_WriteMem(4 bytes @ 0x400E0A04)  returns 0x04 (0001ms, 1438ms total)
T0DA8 12828:669 JLINK_ReadMem (0x400E0A08, 0x0004 Bytes, ...) -- CPU_ReadMem(4 bytes @ 0x400E0A08) -- Data:  01 00 00 00  returns 0x00 (0001ms, 1439ms total)
T0DA8 12828:670 JLINK_WriteMem(0x400E0A04, 0x0004 Bytes, ...) -- Data:  09 70 00 5A -- CPU_WriteMem(4 bytes @ 0x400E0A04)  returns 0x04 (0001ms, 1440ms total)
T0DA8 12828:671 JLINK_ReadMem (0x400E0A08, 0x0004 Bytes, ...) -- CPU_ReadMem(4 bytes @ 0x400E0A08) -- Data:  01 00 00 00  returns 0x00 (0001ms, 1441ms total)
T0DA8 12828:672 JLINK_WriteMem(0x400E0A04, 0x0004 Bytes, ...) -- Data:  09 80 00 5A -- CPU_WriteMem(4 bytes @ 0x400E0A04)  returns 0x04 (0001ms, 1442ms total)
T0DA8 12828:673 JLINK_ReadMem (0x400E0A08, 0x0004 Bytes, ...) -- CPU_ReadMem(4 bytes @ 0x400E0A08) -- Data:  01 00 00 00  returns 0x00 (0002ms, 1444ms total)
T0DA8 12828:675 JLINK_WriteMem(0x400E0A04, 0x0004 Bytes, ...) -- Data:  09 90 00 5A -- CPU_WriteMem(4 bytes @ 0x400E0A04)  returns 0x04 (0001ms, 1445ms total)
T0DA8 12828:676 JLINK_ReadMem (0x400E0A08, 0x0004 Bytes, ...) -- CPU_ReadMem(4 bytes @ 0x400E0A08) -- Data:  01 00 00 00  returns 0x00 (0001ms, 1446ms total)
T0DA8 12828:677 JLINK_WriteMem(0x400E0A04, 0x0004 Bytes, ...) -- Data:  09 A0 00 5A -- CPU_WriteMem(4 bytes @ 0x400E0A04)  returns 0x04 (0001ms, 1447ms total)
T0DA8 12828:678 JLINK_ReadMem (0x400E0A08, 0x0004 Bytes, ...) -- CPU_ReadMem(4 bytes @ 0x400E0A08) -- Data:  01 00 00 00  returns 0x00 (0002ms, 1449ms total)
T0DA8 12828:680 JLINK_WriteMem(0x400E0A04, 0x0004 Bytes, ...) -- Data:  09 B0 00 5A -- CPU_WriteMem(4 bytes @ 0x400E0A04)  returns 0x04 (0001ms, 1450ms total)
T0DA8 12828:681 JLINK_ReadMem (0x400E0A08, 0x0004 Bytes, ...) -- CPU_ReadMem(4 bytes @ 0x400E0A08) -- Data:  01 00 00 00  returns 0x00 (0001ms, 1451ms total)
T0DA8 12828:682 JLINK_WriteMem(0x400E0A04, 0x0004 Bytes, ...) -- Data:  09 C0 00 5A -- CPU_WriteMem(4 bytes @ 0x400E0A04)  returns 0x04 (0001ms, 1452ms total)
T0DA8 12828:683 JLINK_ReadMem (0x400E0A08, 0x0004 Bytes, ...) -- CPU_ReadMem(4 bytes @ 0x400E0A08) -- Data:  01 00 00 00  returns 0x00 (0001ms, 1453ms total)
T0DA8 12828:684 JLINK_WriteMem(0x400E0A04, 0x0004 Bytes, ...) -- Data:  09 D0 00 5A -- CPU_WriteMem(4 bytes @ 0x400E0A04)  returns 0x04 (0001ms, 1454ms total)
T0DA8 12828:685 JLINK_ReadMem (0x400E0A08, 0x0004 Bytes, ...) -- CPU_ReadMem(4 bytes @ 0x400E0A08) -- Data:  01 00 00 00  returns 0x00 (0002ms, 1456ms total)
T0DA8 12828:687 JLINK_WriteMem(0x400E0A04, 0x0004 Bytes, ...) -- Data:  09 E0 00 5A -- CPU_WriteMem(4 bytes @ 0x400E0A04)  returns 0x04 (0001ms, 1457ms total)
T0DA8 12828:688 JLINK_ReadMem (0x400E0A08, 0x0004 Bytes, ...) -- CPU_ReadMem(4 bytes @ 0x400E0A08) -- Data:  01 00 00 00  returns 0x00 (0001ms, 1458ms total)
T0DA8 12828:689 JLINK_WriteMem(0x400E0A04, 0x0004 Bytes, ...) -- Data:  09 F0 00 5A -- CPU_WriteMem(4 bytes @ 0x400E0A04)  returns 0x04 (0001ms, 1459ms total)
T0DA8 12828:690 JLINK_ReadMem (0x400E0A08, 0x0004 Bytes, ...) -- CPU_ReadMem(4 bytes @ 0x400E0A08) -- Data:  01 00 00 00  returns 0x00 (0001ms, 1460ms total)
T0DA8 12828:691 JLINK_WriteMem(0x400E0A04, 0x0004 Bytes, ...) -- Data:  09 00 01 5A -- CPU_WriteMem(4 bytes @ 0x400E0A04)  returns 0x04 (0001ms, 1461ms total)
T0DA8 12828:692 JLINK_ReadMem (0x400E0A08, 0x0004 Bytes, ...) -- CPU_ReadMem(4 bytes @ 0x400E0A08) -- Data:  01 00 00 00  returns 0x00 (0002ms, 1463ms total)
T0DA8 12828:694 JLINK_WriteMem(0x400E0A04, 0x0004 Bytes, ...) -- Data:  09 10 01 5A -- CPU_WriteMem(4 bytes @ 0x400E0A04)  returns 0x04 (0001ms, 1464ms total)
T0DA8 12828:695 JLINK_ReadMem (0x400E0A08, 0x0004 Bytes, ...) -- CPU_ReadMem(4 bytes @ 0x400E0A08) -- Data:  01 00 00 00  returns 0x00 (0001ms, 1465ms total)
T0DA8 12828:696 JLINK_WriteMem(0x400E0A04, 0x0004 Bytes, ...) -- Data:  09 20 01 5A -- CPU_WriteMem(4 bytes @ 0x400E0A04)  returns 0x04 (0001ms, 1466ms total)
T0DA8 12828:697 JLINK_ReadMem (0x400E0A08, 0x0004 Bytes, ...) -- CPU_ReadMem(4 bytes @ 0x400E0A08) -- Data:  01 00 00 00  returns 0x00 (0002ms, 1468ms total)
T0DA8 12828:699 JLINK_WriteMem(0x400E0A04, 0x0004 Bytes, ...) -- Data:  09 30 01 5A -- CPU_WriteMem(4 bytes @ 0x400E0A04)  returns 0x04 (0001ms, 1469ms total)
T0DA8 12828:700 JLINK_ReadMem (0x400E0A08, 0x0004 Bytes, ...) -- CPU_ReadMem(4 bytes @ 0x400E0A08) -- Data:  01 00 00 00  returns 0x00 (0002ms, 1471ms total)
T0DA8 12828:702 JLINK_WriteMem(0x400E0A04, 0x0004 Bytes, ...) -- Data:  09 40 01 5A -- CPU_WriteMem(4 bytes @ 0x400E0A04)  returns 0x04 (0001ms, 1472ms total)
T0DA8 12828:703 JLINK_ReadMem (0x400E0A08, 0x0004 Bytes, ...) -- CPU_ReadMem(4 bytes @ 0x400E0A08) -- Data:  01 00 00 00  returns 0x00 (0002ms, 1474ms total)
T0DA8 12828:705 JLINK_WriteMem(0x400E0A04, 0x0004 Bytes, ...) -- Data:  09 50 01 5A -- CPU_WriteMem(4 bytes @ 0x400E0A04)  returns 0x04 (0001ms, 1475ms total)
T0DA8 12828:706 JLINK_ReadMem (0x400E0A08, 0x0004 Bytes, ...) -- CPU_ReadMem(4 bytes @ 0x400E0A08) -- Data:  01 00 00 00  returns 0x00 (0001ms, 1476ms total)
T0DA8 12828:707 JLINK_WriteMem(0x400E0A04, 0x0004 Bytes, ...) -- Data:  09 60 01 5A -- CPU_WriteMem(4 bytes @ 0x400E0A04)  returns 0x04 (0001ms, 1477ms total)
T0DA8 12828:709 JLINK_ReadMem (0x400E0A08, 0x0004 Bytes, ...) -- CPU_ReadMem(4 bytes @ 0x400E0A08) -- Data:  01 00 00 00  returns 0x00 (0001ms, 1478ms total)
T0DA8 12828:710 JLINK_WriteMem(0x400E0A04, 0x0004 Bytes, ...) -- Data:  09 70 01 5A -- CPU_WriteMem(4 bytes @ 0x400E0A04)  returns 0x04 (0001ms, 1479ms total)
T0DA8 12828:711 JLINK_ReadMem (0x400E0A08, 0x0004 Bytes, ...) -- CPU_ReadMem(4 bytes @ 0x400E0A08) -- Data:  01 00 00 00  returns 0x00 (0001ms, 1480ms total)
T0DA8 12828:712 JLINK_WriteMem(0x400E0A04, 0x0004 Bytes, ...) -- Data:  09 80 01 5A -- CPU_WriteMem(4 bytes @ 0x400E0A04)  returns 0x04 (0002ms, 1482ms total)
T0DA8 12828:714 JLINK_ReadMem (0x400E0A08, 0x0004 Bytes, ...) -- CPU_ReadMem(4 bytes @ 0x400E0A08) -- Data:  01 00 00 00  returns 0x00 (0001ms, 1483ms total)
T0DA8 12828:715 JLINK_WriteMem(0x400E0A04, 0x0004 Bytes, ...) -- Data:  09 90 01 5A -- CPU_WriteMem(4 bytes @ 0x400E0A04)  returns 0x04 (0001ms, 1484ms total)
T0DA8 12828:716 JLINK_ReadMem (0x400E0A08, 0x0004 Bytes, ...) -- CPU_ReadMem(4 bytes @ 0x400E0A08) -- Data:  01 00 00 00  returns 0x00 (0002ms, 1486ms total)
T0DA8 12828:718 JLINK_WriteMem(0x400E0A04, 0x0004 Bytes, ...) -- Data:  09 A0 01 5A -- CPU_WriteMem(4 bytes @ 0x400E0A04)  returns 0x04 (0001ms, 1487ms total)
T0DA8 12828:719 JLINK_ReadMem (0x400E0A08, 0x0004 Bytes, ...) -- CPU_ReadMem(4 bytes @ 0x400E0A08) -- Data:  01 00 00 00  returns 0x00 (0002ms, 1489ms total)
T0DA8 12828:721 JLINK_WriteMem(0x400E0A04, 0x0004 Bytes, ...) -- Data:  09 B0 01 5A -- CPU_WriteMem(4 bytes @ 0x400E0A04)  returns 0x04 (0001ms, 1490ms total)
T0DA8 12828:722 JLINK_ReadMem (0x400E0A08, 0x0004 Bytes, ...) -- CPU_ReadMem(4 bytes @ 0x400E0A08) -- Data:  01 00 00 00  returns 0x00 (0001ms, 1491ms total)
T0DA8 12828:723 JLINK_WriteMem(0x400E0A04, 0x0004 Bytes, ...) -- Data:  09 C0 01 5A -- CPU_WriteMem(4 bytes @ 0x400E0A04)  returns 0x04 (0001ms, 1492ms total)
T0DA8 12828:724 JLINK_ReadMem (0x400E0A08, 0x0004 Bytes, ...) -- CPU_ReadMem(4 bytes @ 0x400E0A08) -- Data:  01 00 00 00  returns 0x00 (0002ms, 1494ms total)
T0DA8 12828:726 JLINK_WriteMem(0x400E0A04, 0x0004 Bytes, ...) -- Data:  09 D0 01 5A -- CPU_WriteMem(4 bytes @ 0x400E0A04)  returns 0x04 (0001ms, 1495ms total)
T0DA8 12828:727 JLINK_ReadMem (0x400E0A08, 0x0004 Bytes, ...) -- CPU_ReadMem(4 bytes @ 0x400E0A08) -- Data:  01 00 00 00  returns 0x00 (0001ms, 1496ms total)
T0DA8 12828:729 JLINK_WriteMem(0x400E0A04, 0x0004 Bytes, ...) -- Data:  09 E0 01 5A -- CPU_WriteMem(4 bytes @ 0x400E0A04)  returns 0x04 (0001ms, 1497ms total)
T0DA8 12828:730 JLINK_ReadMem (0x400E0A08, 0x0004 Bytes, ...) -- CPU_ReadMem(4 bytes @ 0x400E0A08) -- Data:  01 00 00 00  returns 0x00 (0001ms, 1498ms total)
T0DA8 12828:731 JLINK_WriteMem(0x400E0A04, 0x0004 Bytes, ...) -- Data:  09 F0 01 5A -- CPU_WriteMem(4 bytes @ 0x400E0A04)  returns 0x04 (0001ms, 1499ms total)
T0DA8 12828:732 JLINK_ReadMem (0x400E0A08, 0x0004 Bytes, ...) -- CPU_ReadMem(4 bytes @ 0x400E0A08) -- Data:  01 00 00 00  returns 0x00 (0002ms, 1501ms total)
T0DA8 12828:734 JLINK_WriteMem(0x400E0A04, 0x0004 Bytes, ...) -- Data:  09 00 02 5A -- CPU_WriteMem(4 bytes @ 0x400E0A04)  returns 0x04 (0001ms, 1502ms total)
T0DA8 12828:735 JLINK_ReadMem (0x400E0A08, 0x0004 Bytes, ...) -- CPU_ReadMem(4 bytes @ 0x400E0A08) -- Data:  01 00 00 00  returns 0x00 (0001ms, 1503ms total)
T0DA8 12828:736 JLINK_WriteMem(0x400E0A04, 0x0004 Bytes, ...) -- Data:  09 10 02 5A -- CPU_WriteMem(4 bytes @ 0x400E0A04)  returns 0x04 (0002ms, 1505ms total)
T0DA8 12828:738 JLINK_ReadMem (0x400E0A08, 0x0004 Bytes, ...) -- CPU_ReadMem(4 bytes @ 0x400E0A08) -- Data:  01 00 00 00  returns 0x00 (0001ms, 1506ms total)
T0DA8 12828:739 JLINK_WriteMem(0x400E0A04, 0x0004 Bytes, ...) -- Data:  09 20 02 5A -- CPU_WriteMem(4 bytes @ 0x400E0A04)  returns 0x04 (0001ms, 1507ms total)
T0DA8 12828:740 JLINK_ReadMem (0x400E0A08, 0x0004 Bytes, ...) -- CPU_ReadMem(4 bytes @ 0x400E0A08) -- Data:  01 00 00 00  returns 0x00 (0002ms, 1509ms total)
T0DA8 12828:742 JLINK_WriteMem(0x400E0A04, 0x0004 Bytes, ...) -- Data:  09 30 02 5A -- CPU_WriteMem(4 bytes @ 0x400E0A04)  returns 0x04 (0001ms, 1510ms total)
T0DA8 12828:743 JLINK_ReadMem (0x400E0A08, 0x0004 Bytes, ...) -- CPU_ReadMem(4 bytes @ 0x400E0A08) -- Data:  01 00 00 00  returns 0x00 (0002ms, 1512ms total)
T0DA8 12828:745 JLINK_WriteMem(0x400E0A04, 0x0004 Bytes, ...) -- Data:  09 40 02 5A -- CPU_WriteMem(4 bytes @ 0x400E0A04)  returns 0x04 (0001ms, 1513ms total)
T0DA8 12828:746 JLINK_ReadMem (0x400E0A08, 0x0004 Bytes, ...) -- CPU_ReadMem(4 bytes @ 0x400E0A08) -- Data:  01 00 00 00  returns 0x00 (0001ms, 1514ms total)
T0DA8 12828:747 JLINK_WriteMem(0x400E0A04, 0x0004 Bytes, ...) -- Data:  09 50 02 5A -- CPU_WriteMem(4 bytes @ 0x400E0A04)  returns 0x04 (0001ms, 1515ms total)
T0DA8 12828:748 JLINK_ReadMem (0x400E0A08, 0x0004 Bytes, ...) -- CPU_ReadMem(4 bytes @ 0x400E0A08) -- Data:  01 00 00 00  returns 0x00 (0002ms, 1517ms total)
T0DA8 12828:750 JLINK_WriteMem(0x400E0A04, 0x0004 Bytes, ...) -- Data:  09 60 02 5A -- CPU_WriteMem(4 bytes @ 0x400E0A04)  returns 0x04 (0001ms, 1518ms total)
T0DA8 12828:751 JLINK_ReadMem (0x400E0A08, 0x0004 Bytes, ...) -- CPU_ReadMem(4 bytes @ 0x400E0A08) -- Data:  01 00 00 00  returns 0x00 (0002ms, 1520ms total)
T0DA8 12828:753 JLINK_WriteMem(0x400E0A04, 0x0004 Bytes, ...) -- Data:  09 70 02 5A -- CPU_WriteMem(4 bytes @ 0x400E0A04)  returns 0x04 (0001ms, 1521ms total)
T0DA8 12828:754 JLINK_ReadMem (0x400E0A08, 0x0004 Bytes, ...) -- CPU_ReadMem(4 bytes @ 0x400E0A08) -- Data:  01 00 00 00  returns 0x00 (0002ms, 1523ms total)
T0DA8 12828:756 JLINK_WriteMem(0x400E0A04, 0x0004 Bytes, ...) -- Data:  09 80 02 5A -- CPU_WriteMem(4 bytes @ 0x400E0A04)  returns 0x04 (0001ms, 1524ms total)
T0DA8 12828:757 JLINK_ReadMem (0x400E0A08, 0x0004 Bytes, ...) -- CPU_ReadMem(4 bytes @ 0x400E0A08) -- Data:  01 00 00 00  returns 0x00 (0001ms, 1525ms total)
T0DA8 12828:758 JLINK_WriteMem(0x400E0A04, 0x0004 Bytes, ...) -- Data:  09 90 02 5A -- CPU_WriteMem(4 bytes @ 0x400E0A04)  returns 0x04 (0002ms, 1527ms total)
T0DA8 12828:760 JLINK_ReadMem (0x400E0A08, 0x0004 Bytes, ...) -- CPU_ReadMem(4 bytes @ 0x400E0A08) -- Data:  01 00 00 00  returns 0x00 (0001ms, 1528ms total)
T0DA8 12828:761 JLINK_WriteMem(0x400E0A04, 0x0004 Bytes, ...) -- Data:  09 A0 02 5A -- CPU_WriteMem(4 bytes @ 0x400E0A04)  returns 0x04 (0001ms, 1529ms total)
T0DA8 12828:762 JLINK_ReadMem (0x400E0A08, 0x0004 Bytes, ...) -- CPU_ReadMem(4 bytes @ 0x400E0A08) -- Data:  01 00 00 00  returns 0x00 (0002ms, 1531ms total)
T0DA8 12828:764 JLINK_WriteMem(0x400E0A04, 0x0004 Bytes, ...) -- Data:  09 B0 02 5A -- CPU_WriteMem(4 bytes @ 0x400E0A04)  returns 0x04 (0001ms, 1532ms total)
T0DA8 12828:765 JLINK_ReadMem (0x400E0A08, 0x0004 Bytes, ...) -- CPU_ReadMem(4 bytes @ 0x400E0A08) -- Data:  01 00 00 00  returns 0x00 (0001ms, 1533ms total)
T0DA8 12828:766 JLINK_WriteMem(0x400E0A04, 0x0004 Bytes, ...) -- Data:  09 C0 02 5A -- CPU_WriteMem(4 bytes @ 0x400E0A04)  returns 0x04 (0001ms, 1534ms total)
T0DA8 12828:767 JLINK_ReadMem (0x400E0A08, 0x0004 Bytes, ...) -- CPU_ReadMem(4 bytes @ 0x400E0A08) -- Data:  01 00 00 00  returns 0x00 (0002ms, 1536ms total)
T0DA8 12828:769 JLINK_WriteMem(0x400E0A04, 0x0004 Bytes, ...) -- Data:  09 D0 02 5A -- CPU_WriteMem(4 bytes @ 0x400E0A04)  returns 0x04 (0001ms, 1537ms total)
T0DA8 12828:770 JLINK_ReadMem (0x400E0A08, 0x0004 Bytes, ...) -- CPU_ReadMem(4 bytes @ 0x400E0A08) -- Data:  01 00 00 00  returns 0x00 (0001ms, 1538ms total)
T0DA8 12828:771 JLINK_WriteMem(0x400E0A04, 0x0004 Bytes, ...) -- Data:  09 E0 02 5A -- CPU_WriteMem(4 bytes @ 0x400E0A04)  returns 0x04 (0001ms, 1539ms total)
T0DA8 12828:772 JLINK_ReadMem (0x400E0A08, 0x0004 Bytes, ...) -- CPU_ReadMem(4 bytes @ 0x400E0A08) -- Data:  01 00 00 00  returns 0x00 (0001ms, 1540ms total)
T0DA8 12828:773 JLINK_WriteMem(0x400E0A04, 0x0004 Bytes, ...) -- Data:  09 F0 02 5A -- CPU_WriteMem(4 bytes @ 0x400E0A04)  returns 0x04 (0001ms, 1541ms total)
T0DA8 12828:774 JLINK_ReadMem (0x400E0A08, 0x0004 Bytes, ...) -- CPU_ReadMem(4 bytes @ 0x400E0A08) -- Data:  01 00 00 00  returns 0x00 (0002ms, 1543ms total)
T0DA8 12828:776 JLINK_WriteMem(0x400E0A04, 0x0004 Bytes, ...) -- Data:  09 00 03 5A -- CPU_WriteMem(4 bytes @ 0x400E0A04)  returns 0x04 (0001ms, 1544ms total)
T0DA8 12828:777 JLINK_ReadMem (0x400E0A08, 0x0004 Bytes, ...) -- CPU_ReadMem(4 bytes @ 0x400E0A08) -- Data:  01 00 00 00  returns 0x00 (0001ms, 1545ms total)
T0DA8 12828:778 JLINK_WriteMem(0x400E0A04, 0x0004 Bytes, ...) -- Data:  09 10 03 5A -- CPU_WriteMem(4 bytes @ 0x400E0A04)  returns 0x04 (0001ms, 1546ms total)
T0DA8 12828:779 JLINK_ReadMem (0x400E0A08, 0x0004 Bytes, ...) -- CPU_ReadMem(4 bytes @ 0x400E0A08) -- Data:  01 00 00 00  returns 0x00 (0002ms, 1548ms total)
T0DA8 12828:781 JLINK_WriteMem(0x400E0A04, 0x0004 Bytes, ...) -- Data:  09 20 03 5A -- CPU_WriteMem(4 bytes @ 0x400E0A04)  returns 0x04 (0001ms, 1549ms total)
T0DA8 12828:782 JLINK_ReadMem (0x400E0A08, 0x0004 Bytes, ...) -- CPU_ReadMem(4 bytes @ 0x400E0A08) -- Data:  01 00 00 00  returns 0x00 (0001ms, 1550ms total)
T0DA8 12828:783 JLINK_WriteMem(0x400E0A04, 0x0004 Bytes, ...) -- Data:  09 30 03 5A -- CPU_WriteMem(4 bytes @ 0x400E0A04)  returns 0x04 (0001ms, 1551ms total)
T0DA8 12828:784 JLINK_ReadMem (0x400E0A08, 0x0004 Bytes, ...) -- CPU_ReadMem(4 bytes @ 0x400E0A08) -- Data:  01 00 00 00  returns 0x00 (0001ms, 1552ms total)
T0DA8 12828:785 JLINK_WriteMem(0x400E0A04, 0x0004 Bytes, ...) -- Data:  09 40 03 5A -- CPU_WriteMem(4 bytes @ 0x400E0A04)  returns 0x04 (0002ms, 1554ms total)
T0DA8 12828:787 JLINK_ReadMem (0x400E0A08, 0x0004 Bytes, ...) -- CPU_ReadMem(4 bytes @ 0x400E0A08) -- Data:  01 00 00 00  returns 0x00 (0001ms, 1555ms total)
T0DA8 12828:789 JLINK_WriteMem(0x400E0A04, 0x0004 Bytes, ...) -- Data:  09 50 03 5A -- CPU_WriteMem(4 bytes @ 0x400E0A04)  returns 0x04 (0001ms, 1556ms total)
T0DA8 12828:790 JLINK_ReadMem (0x400E0A08, 0x0004 Bytes, ...) -- CPU_ReadMem(4 bytes @ 0x400E0A08) -- Data:  01 00 00 00  returns 0x00 (0001ms, 1557ms total)
T0DA8 12828:791 JLINK_WriteMem(0x400E0A04, 0x0004 Bytes, ...) -- Data:  09 60 03 5A -- CPU_WriteMem(4 bytes @ 0x400E0A04)  returns 0x04 (0001ms, 1558ms total)
T0DA8 12828:792 JLINK_ReadMem (0x400E0A08, 0x0004 Bytes, ...) -- CPU_ReadMem(4 bytes @ 0x400E0A08) -- Data:  01 00 00 00  returns 0x00 (0001ms, 1559ms total)
T0DA8 12828:793 JLINK_WriteMem(0x400E0A04, 0x0004 Bytes, ...) -- Data:  09 70 03 5A -- CPU_WriteMem(4 bytes @ 0x400E0A04)  returns 0x04 (0001ms, 1560ms total)
T0DA8 12828:794 JLINK_ReadMem (0x400E0A08, 0x0004 Bytes, ...) -- CPU_ReadMem(4 bytes @ 0x400E0A08) -- Data:  01 00 00 00  returns 0x00 (0002ms, 1562ms total)
T0DA8 12828:796 JLINK_WriteMem(0x400E0A04, 0x0004 Bytes, ...) -- Data:  09 80 03 5A -- CPU_WriteMem(4 bytes @ 0x400E0A04)  returns 0x04 (0001ms, 1563ms total)
T0DA8 12828:797 JLINK_ReadMem (0x400E0A08, 0x0004 Bytes, ...) -- CPU_ReadMem(4 bytes @ 0x400E0A08) -- Data:  01 00 00 00  returns 0x00 (0001ms, 1564ms total)
T0DA8 12828:798 JLINK_WriteMem(0x400E0A04, 0x0004 Bytes, ...) -- Data:  09 90 03 5A -- CPU_WriteMem(4 bytes @ 0x400E0A04)  returns 0x04 (0001ms, 1565ms total)
T0DA8 12828:799 JLINK_ReadMem (0x400E0A08, 0x0004 Bytes, ...) -- CPU_ReadMem(4 bytes @ 0x400E0A08) -- Data:  01 00 00 00  returns 0x00 (0001ms, 1566ms total)
T0DA8 12828:800 JLINK_WriteMem(0x400E0A04, 0x0004 Bytes, ...) -- Data:  09 A0 03 5A -- CPU_WriteMem(4 bytes @ 0x400E0A04)  returns 0x04 (0001ms, 1567ms total)
T0DA8 12828:802 JLINK_ReadMem (0x400E0A08, 0x0004 Bytes, ...) -- CPU_ReadMem(4 bytes @ 0x400E0A08) -- Data:  01 00 00 00  returns 0x00 (0001ms, 1568ms total)
T0DA8 12828:803 JLINK_WriteMem(0x400E0A04, 0x0004 Bytes, ...) -- Data:  09 B0 03 5A -- CPU_WriteMem(4 bytes @ 0x400E0A04)  returns 0x04 (0001ms, 1569ms total)
T0DA8 12828:804 JLINK_ReadMem (0x400E0A08, 0x0004 Bytes, ...) -- CPU_ReadMem(4 bytes @ 0x400E0A08) -- Data:  01 00 00 00  returns 0x00 (0001ms, 1570ms total)
T0DA8 12828:805 JLINK_WriteMem(0x400E0A04, 0x0004 Bytes, ...) -- Data:  09 C0 03 5A -- CPU_WriteMem(4 bytes @ 0x400E0A04)  returns 0x04 (0001ms, 1571ms total)
T0DA8 12828:806 JLINK_ReadMem (0x400E0A08, 0x0004 Bytes, ...) -- CPU_ReadMem(4 bytes @ 0x400E0A08) -- Data:  01 00 00 00  returns 0x00 (0001ms, 1572ms total)
T0DA8 12828:808 JLINK_WriteMem(0x400E0A04, 0x0004 Bytes, ...) -- Data:  09 D0 03 5A -- CPU_WriteMem(4 bytes @ 0x400E0A04)  returns 0x04 (0001ms, 1574ms total)
T0DA8 12828:809 JLINK_ReadMem (0x400E0A08, 0x0004 Bytes, ...) -- CPU_ReadMem(4 bytes @ 0x400E0A08) -- Data:  01 00 00 00  returns 0x00 (0001ms, 1575ms total)
T0DA8 12828:810 JLINK_WriteMem(0x400E0A04, 0x0004 Bytes, ...) -- Data:  09 E0 03 5A -- CPU_WriteMem(4 bytes @ 0x400E0A04)  returns 0x04 (0001ms, 1576ms total)
T0DA8 12828:811 JLINK_ReadMem (0x400E0A08, 0x0004 Bytes, ...) -- CPU_ReadMem(4 bytes @ 0x400E0A08) -- Data:  01 00 00 00  returns 0x00 (0001ms, 1577ms total)
T0DA8 12828:812 JLINK_WriteMem(0x400E0A04, 0x0004 Bytes, ...) -- Data:  09 F0 03 5A -- CPU_WriteMem(4 bytes @ 0x400E0A04)  returns 0x04 (0001ms, 1578ms total)
T0DA8 12828:813 JLINK_ReadMem (0x400E0A08, 0x0004 Bytes, ...) -- CPU_ReadMem(4 bytes @ 0x400E0A08) -- Data:  01 00 00 00  returns 0x00 (0001ms, 1579ms total)
T0DA8 12828:814 JLINK_WriteMem(0x400E0A04, 0x0004 Bytes, ...) -- Data:  05 00 00 5A -- CPU_WriteMem(4 bytes @ 0x400E0A04)  returns 0x04 (0002ms, 1581ms total)
T0DA8 12828:816 JLINK_ReadMem (0x400E0A08, 0x0004 Bytes, ...) -- CPU_ReadMem(4 bytes @ 0x400E0A08) -- Data:  00 00 00 00  returns 0x00 (0001ms, 1582ms total)
T0DA8 12828:967 JLINK_ReadMem (0x400E0A08, 0x0004 Bytes, ...) -- CPU_ReadMem(4 bytes @ 0x400E0A08) -- Data:  00 00 00 00  returns 0x00 (0001ms, 1583ms total)
T0DA8 12829:118 JLINK_ReadMem (0x400E0A08, 0x0004 Bytes, ...) -- CPU_ReadMem(4 bytes @ 0x400E0A08) -- Data:  00 00 00 00  returns 0x00 (0001ms, 1584ms total)
T0DA8 12829:269 JLINK_ReadMem (0x400E0A08, 0x0004 Bytes, ...) -- CPU_ReadMem(4 bytes @ 0x400E0A08) -- Data:  00 00 00 00  returns 0x00 (0001ms, 1585ms total)
T0DA8 12829:420 JLINK_ReadMem (0x400E0A08, 0x0004 Bytes, ...) -- CPU_ReadMem(4 bytes @ 0x400E0A08) -- Data:  00 00 00 00  returns 0x00 (0001ms, 1586ms total)
T0DA8 12829:571 JLINK_ReadMem (0x400E0A08, 0x0004 Bytes, ...) -- CPU_ReadMem(4 bytes @ 0x400E0A08) -- Data:  00 00 00 00  returns 0x00 (0002ms, 1588ms total)
T0DA8 12829:723 JLINK_ReadMem (0x400E0A08, 0x0004 Bytes, ...) -- CPU_ReadMem(4 bytes @ 0x400E0A08) -- Data:  00 00 00 00  returns 0x00 (0001ms, 1589ms total)
T0DA8 12829:874 JLINK_ReadMem (0x400E0A08, 0x0004 Bytes, ...) -- CPU_ReadMem(4 bytes @ 0x400E0A08) -- Data:  00 00 00 00  returns 0x00 (0001ms, 1590ms total)
T0DA8 12830:025 JLINK_ReadMem (0x400E0A08, 0x0004 Bytes, ...) -- CPU_ReadMem(4 bytes @ 0x400E0A08) -- Data:  00 00 00 00  returns 0x00 (0001ms, 1591ms total)
T0DA8 12830:176 JLINK_ReadMem (0x400E0A08, 0x0004 Bytes, ...) -- CPU_ReadMem(4 bytes @ 0x400E0A08) -- Data:  00 00 00 00  returns 0x00 (0001ms, 1592ms total)
T0DA8 12830:328 JLINK_ReadMem (0x400E0A08, 0x0004 Bytes, ...) -- CPU_ReadMem(4 bytes @ 0x400E0A08) -- Data:  00 00 00 00  returns 0x00 (0001ms, 1593ms total)
T0DA8 12830:479 JLINK_ReadMem (0x400E0A08, 0x0004 Bytes, ...) -- CPU_ReadMem(4 bytes @ 0x400E0A08) -- Data:  00 00 00 00  returns 0x00 (0001ms, 1594ms total)
T0DA8 12830:630 JLINK_ReadMem (0x400E0A08, 0x0004 Bytes, ...) -- CPU_ReadMem(4 bytes @ 0x400E0A08) -- Data:  00 00 00 00  returns 0x00 (0002ms, 1596ms total)
T0DA8 12830:782 JLINK_ReadMem (0x400E0A08, 0x0004 Bytes, ...) -- CPU_ReadMem(4 bytes @ 0x400E0A08) -- Data:  00 00 00 00  returns 0x00 (0001ms, 1597ms total)
T0DA8 12830:933 JLINK_ReadMem (0x400E0A08, 0x0004 Bytes, ...) -- CPU_ReadMem(4 bytes @ 0x400E0A08) -- Data:  00 00 00 00  returns 0x00 (0001ms, 1598ms total)
T0DA8 12831:084 JLINK_ReadMem (0x400E0A08, 0x0004 Bytes, ...) -- CPU_ReadMem(4 bytes @ 0x400E0A08) -- Data:  00 00 00 00  returns 0x00 (0001ms, 1599ms total)
T0DA8 12831:235 JLINK_ReadMem (0x400E0A08, 0x0004 Bytes, ...) -- CPU_ReadMem(4 bytes @ 0x400E0A08) -- Data:  00 00 00 00  returns 0x00 (0001ms, 1600ms total)
T0DA8 12831:386 JLINK_ReadMem (0x400E0A08, 0x0004 Bytes, ...) -- CPU_ReadMem(4 bytes @ 0x400E0A08) -- Data:  00 00 00 00  returns 0x00 (0001ms, 1601ms total)
T0DA8 12831:537 JLINK_ReadMem (0x400E0A08, 0x0004 Bytes, ...) -- CPU_ReadMem(4 bytes @ 0x400E0A08) -- Data:  01 00 00 00  returns 0x00 (0001ms, 1602ms total)
T0DA8 12831:538 JLINK_EndDownload()  returns 0x00 (0000ms, 1602ms total)
T0DA8 12831:539 JLINK_WriteVectorCatch(0x00000001) -- CPU_ReadMem(4 bytes @ 0xE000EDFC)  returns 0x00 (0001ms, 1603ms total)
T0DA8 12831:540 JLINK_Reset() -- CPU_ReadMem(16 bytes @ 0x20000000) -- CPU_WriteMem(16 bytes @ 0x20000000) -- CPU_ReadMem(4 bytes @ 0xE000EDFC) -- CPU_WriteMem(4 bytes @ 0xE000EDFC) -- CPU_WriteMem(4 bytes @ 0xE0001004) -- CPU_WriteMem(4 bytes @ 0xE000EDFC) -- CPU_WriteMem(16 bytes @ 0x20000000) -- CPU_WriteMem(4 bytes @ 0xE0002000) -- CPU_ReadMem(4 bytes @ 0xE000EDFC) -- CPU_ReadMem(4 bytes @ 0xE0001000) (0043ms, 1646ms total)
T0DA8 12831:583 JLINK_GoEx(MaxEmulInsts = 100, Flags = 0x01) -- CPU_WriteMem(4 bytes @ 0xE0001004) (0002ms, 1648ms total)
T0DA8 12831:622 JLINK_ExecCommand("ProjectFile = E:\MauaSat\MauaSat_IMT_2014-08-21_01-20\MauaSat_IMT\MauaSat_IMT\MauaSat_IMT\jlink.config", ...)  returns 0x00 (0001ms, 1649ms total)
T0DA8 12831:623 JLINK_ExecCommand("Device = ATSAMG53N19", ...)Device "ATSAMG53N19" selected (256 KB flash, 64 KB RAM).  returns 0x00 (0001ms, 1650ms total)
T0DA8 12831:624 JLINK_TIF_Select(JLINKARM_TIF_JTAG)  returns 0x00 (0000ms, 1650ms total)
T0DA8 12831:624 JLINK_GetIdData(...) ScanLen=8 NumDevices=2 aId[0]=0x4BA00477 aIrRead[0]=0 aScanLen[0]=0 aScanRead[0]=0 (0000ms, 1650ms total)
T0DA8 12831:624 JLINK_JTAG_GetDeviceInfo(DeviceIndex = 0)  returns 0x00 (0000ms, 1650ms total)
T0DA8 12831:624 JLINK_JTAG_GetDeviceInfo(DeviceIndex = 1)  returns 0x00 (0000ms, 1650ms total)
T0DA8 12831:624 JLINK_ConfigJTAG(IRPre = 4, DRPre = 0) (0000ms, 1650ms total)
T0DA8 12831:624 JLINK_SetSpeed(1000) (0001ms, 1651ms total)
T0DA8 12831:625 JLINK_Connect() >0x2F8 JTAG>TotalIRLen = 8, IRPrint = 0x0011 >0x30 JTAG> >0x210 JTAG> >0x70 JTAG> >0x40 JTAG> >0x40 JTAG> >0x40 JTAG> >0x50 JTAG> >0x70 JTAG> >0x40 JTAG> >0x40 JTAG> >0x40 JTAG> >0x50 JTAG> >0x80 JTAG> >0x40 JTAG> >0x30 JTAG> >0x40 JTAG> >0x40 JTAG> >0x30 JTAG> >0x40 JTAG> >0x50 JTAG>Found Cortex-M4 r0p1, Little endian. -- CPU_WriteMem(4 bytes @ 0xE0002000) -- CPU_ReadMem(4 bytes @ 0xE000EDF0) -- CPU_ReadMem(4 bytes @ 0xE0002000)
FPUnit: 6 code (BP) slots and 2 literal slots -- CPU_ReadMem(4 bytes @ 0xE000EDFC) -- CPU_ReadMem(4 bytes @ 0xE0001000) -- CPU_WriteMem(4 bytes @ 0xE0001000) -- CPU_ReadMem(4 bytes @ 0xE00FF010)TPIU fitted. -- CPU_ReadMem(4 bytes @ 0xE00FF014) -- CPU_ReadMem(4 bytes @ 0xE00FF018)  returns 0x00 (0032ms, 1683ms total)
T0DA8 12831:658 JLINK_WriteVectorCatch(0x00000001) -- CPU is running -- CPU_ReadMem(4 bytes @ 0xE000EDFC) -- CPU is running -- CPU_WriteMem(4 bytes @ 0xE000EDFC)  returns 0x00 (0003ms, 1686ms total)
T0DA8 12831:661 JLINK_Reset() -- CPU_ReadMem(16 bytes @ 0x20000000) -- CPU_WriteMem(16 bytes @ 0x20000000) -- CPU_ReadMem(4 bytes @ 0xE000EDFC) -- CPU_WriteMem(4 bytes @ 0xE000EDFC) -- CPU_WriteMem(4 bytes @ 0xE000EDFC) -- CPU_WriteMem(16 bytes @ 0x20000000) -- CPU_WriteMem(4 bytes @ 0xE0002000) -- CPU_ReadMem(4 bytes @ 0xE000EDFC) -- CPU_ReadMem(4 bytes @ 0xE0001000) (0052ms, 1738ms total)
T0DA8 12831:713 JLINK_BeginDownload(Flags = 0x00) (0000ms, 1738ms total)
T0DA8 12831:713 JLINK_JTAG_GetDeviceID(DeviceIndex = 0)  returns 0x4BA00477 (0000ms, 1738ms total)
T0DA8 12831:714 JLINK_ReadMemU32(0x400E0740, 0x0001 Items, ...) -- CPU_ReadMem(4 bytes @ 0x400E0740) -- Data:  E8 0A 7E 24  returns 0x01 (0001ms, 1740ms total)
T0DA8 12831:725 JLINK_ReadMem (0x00403C00, 0x0200 Bytes, ...) -- CPU_ReadMem(512 bytes @ 0x00403C00) -- Updating C cache (512 bytes @ 0x00403C00) -- Read from C cache (512 bytes @ 0x00403C00) -- Data:  FF FF FF FF FF FF FF FF FF FF FF FF FF FF FF FF ...  returns 0x00 (0008ms, 1748ms total)
T0DA8 12831:733 JLINK_ReadMem (0x00404000, 0x1000 Bytes, ...) -- CPU_ReadMem(4096 bytes @ 0x00404000) -- Updating C cache (4096 bytes @ 0x00404000) -- Read from C cache (4096 bytes @ 0x00404000) -- Data:  FF FF FF FF FF FF FF FF FF FF FF FF FF FF FF FF ...  returns 0x00 (0049ms, 1797ms total)
T0DA8 12831:792 JLINK_WriteMem(0x00400000, 0x0200 Bytes, ...) -- Data:  90 39 00 20 5D 08 40 00 59 08 40 00 59 08 40 00 ...  returns 0x200 (0000ms, 1797ms total)
T0DA8 12831:793 JLINK_WriteMem(0x00400200, 0x0200 Bytes, ...) -- Data:  00 00 40 F2 15 41 C0 F2 40 01 88 47 40 F6 41 23 ...  returns 0x200 (0000ms, 1797ms total)
T0DA8 12831:793 JLINK_WriteMem(0x00400400, 0x0200 Bytes, ...) -- Data:  02 6F 1A 43 02 67 41 6F 21 F0 02 02 42 67 43 60 ...  returns 0x200 (0000ms, 1797ms total)
T0DA8 12831:793 JLINK_WriteMem(0x00400600, 0x0200 Bytes, ...) -- Data:  00 2C 47 D0 4F F0 00 03 43 60 4A 68 4F EA 02 20 ...  returns 0x200 (0000ms, 1797ms total)
T0DA8 12831:793 JLINK_WriteMem(0x00400800, 0x0200 Bytes, ...) -- Data:  43 69 13 F0 01 0F 04 D0 80 69 08 70 4F F0 00 00 ...  returns 0x200 (0000ms, 1797ms total)
T0DA8 12831:793 JLINK_WriteMem(0x00400A00, 0x0200 Bytes, ...) -- Data:  C4 F2 0E 02 93 6E 13 F0 02 0F FB D0 4F F4 80 60 ...  returns 0x200 (0000ms, 1797ms total)
T0DA8 12831:793 JLINK_WriteMem(0x00400C00, 0x0200 Bytes, ...) -- Data:  1A 60 40 F6 F4 01 C2 F2 00 01 0B 68 18 18 47 F6 ...  returns 0x200 (0000ms, 1797ms total)
T0DA8 12831:793 JLINK_WriteMem(0x00400E00, 0x0200 Bytes, ...) -- Data:  BD E8 F8 83 4F F4 60 63 C4 F2 0E 03 4F F4 80 32 ...  returns 0x200 (0000ms, 1797ms total)
T0DA8 12831:793 JLINK_WriteMem(0x00401000, 0x0200 Bytes, ...) -- Data:  40 00 4F F0 25 01 A8 47 43 F6 94 20 C0 F2 40 00 ...  returns 0x200 (0000ms, 1797ms total)
T0DA8 12831:793 JLINK_WriteMem(0x00401200, 0x0200 Bytes, ...) -- Data:  E2 5D A3 5D 9A 42 0E BF 48 46 43 F6 20 40 C0 F2 ...  returns 0x200 (0000ms, 1797ms total)
T0DA8 12831:793 JLINK_WriteMem(0x00401400, 0x0200 Bytes, ...) -- Data:  63 EB 43 03 66 E7 40 42 61 EB 41 01 4F F0 FF 34 ...  returns 0x200 (0000ms, 1797ms total)
T0DA8 12831:793 JLINK_WriteMem(0x00401600, 0x0200 Bytes, ...) -- Data:  BD E8 F0 07 70 47 8B 42 43 D8 B3 FA 83 F4 00 2C ...  returns 0x200 (0000ms, 1797ms total)
T0DA8 12831:794 JLINK_WriteMem(0x00401800, 0x0200 Bytes, ...) -- Data:  12 19 2F E7 2D E9 F8 43 98 46 23 4B 1C 68 06 46 ...  returns 0x200 (0000ms, 1798ms total)
T0DA8 12831:794 JLINK_WriteMem(0x00401A00, 0x0200 Bytes, ...) -- Data:  00 22 01 23 A2 60 21 60 21 61 63 61 BD E8 F0 81 ...  returns 0x200 (0000ms, 1798ms total)
T0DA8 12831:794 JLINK_WriteMem(0x00401C00, 0x0200 Bytes, ...) -- Data:  2E 2B 58 D0 30 2B 79 D0 2D 2B 40 F0 EC 81 4F E0 ...  returns 0x200 (0000ms, 1798ms total)
T0DA8 12831:794 JLINK_WriteMem(0x00401E00, 0x0200 Bytes, ...) -- Data:  00 25 16 46 F1 E7 36 68 00 25 34 46 16 46 6C E0 ...  returns 0x200 (0000ms, 1798ms total)
T0DA8 12831:794 JLINK_WriteMem(0x00402000, 0x0200 Bytes, ...) -- Data:  01 E0 64 46 05 46 9D F8 27 30 AC 42 AC BF 21 46 ...  returns 0x200 (0000ms, 1798ms total)
T0DA8 12831:794 JLINK_WriteMem(0x00402200, 0x0200 Bytes, ...) -- Data:  0D F1 60 08 0C 9A 0D 98 C8 F8 04 40 51 1C 04 19 ...  returns 0x200 (0000ms, 1798ms total)
T0DA8 12831:794 JLINK_WriteMem(0x00402400, 0x0200 Bytes, ...) -- Data:  00 22 48 42 A2 60 A0 61 07 E0 03 F0 02 01 08 B2 ...  returns 0x200 (0000ms, 1798ms total)
T0DA8 12831:794 JLINK_WriteMem(0x00402600, 0x0200 Bytes, ...) -- Data:  CF 36 40 00 70 B5 68 25 4D 43 0E 46 05 F1 0C 01 ...  returns 0x200 (0000ms, 1798ms total)
T0DA8 12831:794 JLINK_WriteMem(0x00402800, 0x0200 Bytes, ...) -- Data:  85 6B 0D B9 FF F7 1A FF 20 68 39 46 32 46 BD E8 ...  returns 0x200 (0000ms, 1798ms total)
T0DA8 12831:794 JLINK_WriteMem(0x00402A00, 0x0200 Bytes, ...) -- Data:  A2 42 F7 D3 C8 68 D8 60 99 60 83 60 CB 60 83 E7 ...  returns 0x200 (0000ms, 1798ms total)
T0DA8 12831:794 JLINK_WriteMem(0x00402C00, 0x0200 Bytes, ...) -- Data:  32 D0 20 68 21 69 A5 68 D4 F8 14 E0 D3 45 34 BF ...  returns 0x200 (0001ms, 1799ms total)
T0DA8 12831:795 JLINK_WriteMem(0x00402E00, 0x0200 Bytes, ...) -- Data:  00 29 0D DA A7 89 07 F0 80 02 47 F4 00 63 10 B2 ...  returns 0x200 (0000ms, 1799ms total)
T0DA8 12831:795 JLINK_WriteMem(0x00403000, 0x0200 Bytes, ...) -- Data:  48 68 07 43 4F 60 01 EB C3 01 E9 60 8B 68 AB 60 ...  returns 0x200 (0000ms, 1799ms total)
T0DA8 12831:795 JLINK_WriteMem(0x00403200, 0x0200 Bytes, ...) -- Data:  1C BF C0 F1 08 00 2D 18 05 EB 08 0C 00 F5 80 51 ...  returns 0x200 (0000ms, 1799ms total)
T0DA8 12831:795 JLINK_WriteMem(0x00403400, 0x0200 Bytes, ...) -- Data:  00 20 03 46 EA 07 00 F1 91 80 54 F8 08 5C C5 EB ...  returns 0x200 (0000ms, 1799ms total)
T0DA8 12831:795 JLINK_WriteMem(0x00403600, 0x0200 Bytes, ...) -- Data:  01 06 05 EB 0A 01 4A EA 06 03 6B 60 48 68 40 F0 ...  returns 0x200 (0000ms, 1799ms total)
T0DA8 12831:795 JLINK_WriteMem(0x00403800, 0x0200 Bytes, ...) -- Data:  04 4A 05 46 0C 46 10 68 29 46 22 46 BD E8 30 40 ...  returns 0x200 (0000ms, 1799ms total)
T0DA8 12831:795 JLINK_WriteMem(0x00403A00, 0x0200 Bytes, ...) -- Data:  45 44 5F 50 52 4F 20 2D 2D 20 43 6F 6D 70 69 6C ...  returns 0x200 (0000ms, 1799ms total)
T0DA8 12831:795 JLINK_WriteMem(0x00403C00, 0x0200 Bytes, ...) -- Data:  25 70 20 09 54 61 6D 61 6E 68 6F 20 64 6F 20 65 ...  returns 0x200 (0000ms, 1799ms total)
T0DA8 12831:795 JLINK_WriteMem(0x00403E00, 0x0200 Bytes, ...) -- Data:  0B 00 00 00 00 00 00 00 00 00 00 00 00 00 00 00 ...  returns 0x200 (0001ms, 1800ms total)
T0DA8 12831:796 JLINK_WriteMem(0x00404000, 0x1000 Bytes, ...) -- Data:  00 00 00 00 00 00 00 00 00 00 00 00 00 00 00 00 ...  returns 0x1000 (0001ms, 1801ms total)
T0DA8 12831:887 JLINK_EndDownload() -- -------------------------------------- -- Start of determining dirty areas -- End of determining dirty areas -- Start of preparing flash programming -- Calculating RAM usage -- RAM usage = 3892 Bytes -- Preserving registers -- Preparing memory -- Determining CPU clock frequency -- CPU clock frequency: 10450 kHz -- CPU frequency = 10450 kHz -- Preparing target -- Downloading RAMCode -- Using alternate TurboMode RAMCode -- Checking target RAM -- Preparing RAMCode
 -- End of preparing flash programming -- CPU is running at 10450 kHz. -- Start of comparing flash -- CRC check was estimated as fastest method -- Comparing range 0x400000 - 0x403FFF (32 Sectors, 16 KB), using multi-block CRC calculation -- CRC does not match for sectors 0-31 -- Comparing range 0x404000 - 0x404FFF (1 Sector, 4 KB), using multi-block CRC calculation -- CRC does not match for sector 0 -- End of comparing flash -- Start of erasing sectors -- End of erasing sectors
 -- Start of flash programming -- Programming range 0x00400000 - 0x00403FFF ( 32 Sectors, 16 KB) -- Programming range 0x00404000 - 0x00404FFF (  1 Sector, 4 KB) -- End of flash programming -- Flash programming performed for 2 ranges (20480 bytes) -- 0x400000 - 0x403FFF (032 Sectors, 16 KB) -- 0x404000 - 0x404FFF (001 Sector, 4 KB) -- Start of verifying flash -- Checksum calculation was estimated as fastest method -- Checksum calculation was estimated as fastest method -- End of verifying flash
 -- Start of restoring -- Restore RAMCode -- Restore content of target memory -- Restore target -- Restore memory -- Restore content of registers -- End of restoring -- Total time needed: 0.457s (Prepare: 0.129s, Compare: 0.016s, Erase: 0.000s, Program: 0.292s, Verify: 0.006s, Restore: 0.012s)  returns 0x5000 (0458ms, 2259ms total)
T0DA8 12832:346 JLINK_WriteVectorCatch(0x00000001) -- CPU_ReadMem(4 bytes @ 0xE000EDFC)  returns 0x00 (0002ms, 2261ms total)
T0DA8 12832:348 JLINK_Reset() -- CPU_ReadMem(16 bytes @ 0x20000000) -- CPU_WriteMem(16 bytes @ 0x20000000) -- CPU_ReadMem(4 bytes @ 0xE000EDFC) -- CPU_WriteMem(4 bytes @ 0xE000EDFC) -- CPU_WriteMem(4 bytes @ 0xE000EDFC) -- CPU_WriteMem(16 bytes @ 0x20000000) -- CPU_WriteMem(4 bytes @ 0xE0002000) -- CPU_ReadMem(4 bytes @ 0xE000EDFC) -- CPU_ReadMem(4 bytes @ 0xE0001000) (0043ms, 2304ms total)
T0DA8 12832:391 JLINK_GoEx(MaxEmulInsts = 100, Flags = 0x01) -- CPU_WriteMem(4 bytes @ 0xE0001004) (0002ms, 2306ms total)
T0DA8 12833:077 JLINK_Close() >0x80 JTAG> >0x08 JTAG> (0005ms, 2311ms total)
T0DA8 12833:077  (0005ms, 2311ms total)
T0DA8 12833:077 Closed (0005ms, 2311ms total)
